<?xml version="1.0" encoding="UTF-8"?>
<!-- Generated by org.testng.reporters.JUnitReportReporter -->
<testsuite hostname="Karthik-PC" name="tt.projectJenkins.Pageobject1Test" tests="1" failures="0" timestamp="12 Mar 2016 02:05:56 GMT" time="30.381" errors="0">
  <testcase name="searchTest1" time="30.381" classname="tt.projectJenkins.Pageobject1Test"/>
</testsuite> <!-- tt.projectJenkins.Pageobject1Test -->
