<?xml version="1.0" encoding="UTF-8"?>
<!-- Generated by org.testng.reporters.JUnitReportReporter -->
<testsuite hostname="Karthik-PC" name="tt.projectJenkins.Pageobject1Test" tests="1" failures="0" timestamp="13 Mar 2016 23:56:53 GMT" time="44.785" errors="0">
  <testcase name="searchTest1" time="44.785" classname="tt.projectJenkins.Pageobject1Test"/>
</testsuite> <!-- tt.projectJenkins.Pageobject1Test -->
