<?xml version="1.0" encoding="UTF-8"?>
<!-- Generated by org.testng.reporters.JUnitReportReporter -->
<testsuite hostname="Karthik-PC" name="tt.deleteproject.Pageobject2Test" tests="1" failures="0" timestamp="10 Mar 2016 02:37:09 GMT" time="15.862" errors="0">
  <testcase name="searchTest1" time="15.862" classname="tt.deleteproject.Pageobject2Test"/>
</testsuite> <!-- tt.deleteproject.Pageobject2Test -->
