<?xml version="1.0" encoding="UTF-8"?>
<!-- Generated by org.testng.reporters.JUnitReportReporter -->
<testsuite hostname="Karthik-PC" name="tt.projectJenkins.PageobjectTest" tests="1" failures="0" timestamp="13 Mar 2016 23:56:53 GMT" time="21.964" errors="0">
  <testcase name="searchTest" time="21.964" classname="tt.projectJenkins.PageobjectTest"/>
</testsuite> <!-- tt.projectJenkins.PageobjectTest -->
