<?xml version="1.0" encoding="UTF-8"?>
<!-- Generated by org.testng.reporters.JUnitReportReporter -->
<testsuite hostname="Karthik-PC" name="tt.deleteproject.PageobjectTest" tests="1" failures="0" timestamp="10 Mar 2016 02:37:09 GMT" time="15.436" errors="0">
  <testcase name="searchTest" time="15.436" classname="tt.deleteproject.PageobjectTest"/>
</testsuite> <!-- tt.deleteproject.PageobjectTest -->
