<?xml version="1.0" encoding="UTF-8"?>
<!-- Generated by org.testng.reporters.JUnitReportReporter -->
<testsuite hostname="Karthik-PC" name="tt.projectJenkins.Pageobject2Test" tests="1" failures="0" timestamp="12 Mar 2016 01:33:18 GMT" time="28.705" errors="0">
  <testcase name="searchTest1" time="28.705" classname="tt.projectJenkins.Pageobject2Test"/>
</testsuite> <!-- tt.projectJenkins.Pageobject2Test -->
