<?xml version="1.0" encoding="UTF-8"?>
<!-- Generated by org.testng.reporters.JUnitReportReporter -->
<testsuite hostname="Karthik-PC" name="tt.deleteproject.Pageobject1Test" tests="1" failures="0" timestamp="10 Mar 2016 02:41:12 GMT" time="17.064" errors="0">
  <testcase name="searchTest1" time="17.064" classname="tt.deleteproject.Pageobject1Test"/>
</testsuite> <!-- tt.deleteproject.Pageobject1Test -->
